<?xml version="1.0" encoding="UTF-8"?>
<!-- Generated by org.testng.reporters.JUnitReportReporter -->
<testsuite hostname="Shankuls-MacBook-Pro.local" name="com.prozo.cucumber.tests.RunCucumberFeatures" tests="3" failures="0" timestamp="13 Jun 2021 12:25:20 GMT" time="34.324" errors="0">
  <testcase name="feature" time="11.850" classname="com.prozo.cucumber.tests.RunCucumberFeatures"/>
  <testcase name="feature" time="5.452" classname="com.prozo.cucumber.tests.RunCucumberFeatures"/>
  <testcase name="feature" time="17.022" classname="com.prozo.cucumber.tests.RunCucumberFeatures"/>
</testsuite> <!-- com.prozo.cucumber.tests.RunCucumberFeatures -->
